
Showing logs for build [32mcb-kubecd-environment-pr-164-95-m2vlm-1[0m stage [32mfrom-build-pack[0m and container [32mstep-credential-initializer-nhjsd[0m
{"level":"warn","ts":1582332336.9041147,"logger":"fallback-logger","caller":"logging/config.go:69","msg":"Fetch GitHub commit ID from kodata failed: \"ref: refs/heads/0.8.0-**-support-backwards-incompats\" is not a valid GitHub commit ID"}
{"level":"info","ts":1582332336.9048533,"logger":"fallback-logger","caller":"creds-init/main.go:40","msg":"Credentials initialized."}

Showing logs for build [32mcb-kubecd-environment-pr-164-95-m2vlm-1[0m stage [32mfrom-build-pack[0m and container [32mstep-working-dir-initializer-kmrg7[0m
{"level":"warn","ts":1582332337.8907914,"logger":"fallback-logger","caller":"logging/config.go:69","msg":"Fetch GitHub commit ID from kodata failed: open /var/run/ko/HEAD: no such file or directory"}
{"level":"info","ts":1582332337.892722,"logger":"fallback-logger","caller":"bash/main.go:64","msg":"Successfully executed command \"sh -c mkdir -p /workspace/source\"; output "}

Showing logs for build [32mcb-kubecd-environment-pr-164-95-m2vlm-1[0m stage [32mfrom-build-pack[0m and container [32mstep-place-tools[0m

Showing logs for build [32mcb-kubecd-environment-pr-164-95-m2vlm-1[0m stage [32mfrom-build-pack[0m and container [32mstep-git-source-cb-kubecd-environment-pr-164-95-m2vlm-bf26k[0m
{"level":"warn","ts":1582332341.9838057,"logger":"fallback-logger","caller":"logging/config.go:69","msg":"Fetch GitHub commit ID from kodata failed: \"ref: refs/heads/0.8.0-**-support-backwards-incompats\" is not a valid GitHub commit ID"}
{"level":"info","ts":1582332343.0131414,"logger":"fallback-logger","caller":"git/git.go:103","msg":"Successfully cloned https://github.com/cb-kubecd/environment-pr-164-95-boot-vault-gke-production.git @ master in path /workspace/source"}

Showing logs for build [32mcb-kubecd-environment-pr-164-95-m2vlm-1[0m stage [32mfrom-build-pack[0m and container [32mstep-git-merge[0m
Using SHAs from PULL_REFS=master:9fe5ddd0df3b48c5cb621967cfe1cde34c5f9877,1:e297d48d89e0850d1b7f87b817969d9eb72b5a2a
DEBUG: LC_ALL=C JX_LOG_LEVEL=error git fetch origin --unshallow e297d48d89e0850d1b7f87b817969d9eb72b5a2a: 9fe5ddd0df3b48c5cb621967cfe1cde34c5f9877:
DEBUG: ran git fetch --unshallow origin e297d48d89e0850d1b7f87b817969d9eb72b5a2a: 9fe5ddd0df3b48c5cb621967cfe1cde34c5f9877: in 
DEBUG: LC_ALL=C JX_LOG_LEVEL=error git branch
DEBUG: LC_ALL=C JX_LOG_LEVEL=error git checkout master
DEBUG: ran git checkout master in 
DEBUG: LC_ALL=C JX_LOG_LEVEL=error git reset --hard 9fe5ddd0df3b48c5cb621967cfe1cde34c5f9877
DEBUG: ran git reset --hard 9fe5ddd0df3b48c5cb621967cfe1cde34c5f9877 in 
DEBUG: LC_ALL=C JX_LOG_LEVEL=error git clean -fd .
DEBUG: ran clean --force -d . in 
DEBUG: LC_ALL=C JX_LOG_LEVEL=error git merge e297d48d89e0850d1b7f87b817969d9eb72b5a2a
DEBUG: ran git merge e297d48d89e0850d1b7f87b817969d9eb72b5a2a in 
DEBUG: LC_ALL=C JX_LOG_LEVEL=error git log --format=%H%x1f%an%x1f%ae%x1f%cn%x1f%ce%x1f%s%n%b%x1e 9fe5ddd0df3b48c5cb621967cfe1cde34c5f9877..HEAD
Merged SHA e297d48d89e0850d1b7f87b817969d9eb72b5a2a with commit message 'chore: Promote bdd-spring-1582331305 to version 0.0.1' into base branch master

Showing logs for build [32mcb-kubecd-environment-pr-164-95-m2vlm-1[0m stage [32mfrom-build-pack[0m and container [32mstep-build-helm-build[0m
WARNING: No $CHART_REPOSITORY defined so using the default value of: http://jenkins-x-chartmuseum:8080
Adding missing Helm repo: storage.googleapis.com https://storage.googleapis.com/chartmuseum.jenkins-x.io
WARNING: No secrets found on "helm/repos" due: reading the secret "helm/repos" from vault: no secret "helm/repos" not found in vault
Read credentials for https://storage.googleapis.com/chartmuseum.jenkins-x.io from vault helm/repos
Successfully added Helm repository storage.googleapis.com.
Adding missing Helm repo: jenkins-x-chartmuseum http://jenkins-x-chartmuseum:8080
WARNING: No secrets found on "helm/repos" due: reading the secret "helm/repos" from vault: no secret "helm/repos" not found in vault
Read credentials for http://jenkins-x-chartmuseum:8080 from vault helm/repos
Successfully added Helm repository jenkins-x-chartmuseum.
WARNING: No $CHART_REPOSITORY defined so using the default value of: http://jenkins-x-chartmuseum:8080
Adding missing Helm repo: chartmuseum.jenkins-x.io http://chartmuseum.jenkins-x.io
WARNING: No secrets found on "helm/repos" due: reading the secret "helm/repos" from vault: no secret "helm/repos" not found in vault
Read credentials for http://chartmuseum.jenkins-x.io from vault helm/repos
Successfully added Helm repository chartmuseum.jenkins-x.io.
